<?xml version="1.0" encoding="UTF-8"?>
<!-- Generated by org.testng.reporters.JUnitXMLReporter -->
<testsuite ignored="0" hostname="LAPTOP-BDM6FK70" failures="0" tests="5" name="Test cases" time="8.31" errors="0" timestamp="2022-10-12T23:42:19 IST">
  <testcase classname="tests.TestCases" name="TC_2" time="0.021"/>
  <testcase classname="tests.TestCases" name="TC_1" time="0.007"/>
  <testcase classname="tests.TestCases" name="TC_5" time="0.002"/>
  <testcase classname="tests.TestCases" name="TC_3" time="0.004"/>
  <testcase classname="tests.TestCases" name="TC_4" time="0.004"/>
</testsuite> <!-- Test cases -->
