<?xml version="1.0" encoding="UTF-8"?>
<!-- Generated by org.testng.reporters.JUnitXMLReporter -->
<testsuite ignored="0" hostname="LAPTOP-BDM6FK70" failures="1" tests="4" name="Website" time="8.574" errors="0" timestamp="2022-10-13T17:15:48 IST">
  <testcase classname="tests.SampleTestClass" name="google" time="1.874"/>
  <testcase classname="tests.SampleTestClass" name="amazon" time="3.128">
    <failure type="java.lang.AssertionError" message="expected [1Online Shopping site in India: Shop Online for Mobiles, Books, Watches, Shoes and More - Amazon.in] but found [Online Shopping site in India: Shop Online for Mobiles, Books, Watches, Shoes and More - Amazon.in]">
      <![CDATA[java.lang.AssertionError: expected [1Online Shopping site in India: Shop Online for Mobiles, Books, Watches, Shoes and More - Amazon.in] but found [Online Shopping site in India: Shop Online for Mobiles, Books, Watches, Shoes and More - Amazon.in]
at tests.SampleTestClass.amazon(SampleTestClass.java:49)
at java.base/java.util.concurrent.ThreadPoolExecutor.runWorker(ThreadPoolExecutor.java:1128)
at java.base/java.util.concurrent.ThreadPoolExecutor$Worker.run(ThreadPoolExecutor.java:628)
at java.base/java.lang.Thread.run(Thread.java:834)
... Removed 18 stack frames]]>
    </failure>
  </testcase> <!-- amazon -->
  <testcase classname="tests.SampleTestClass" name="facebook" time="3.068"/>
  <testcase classname="tests.SampleTestClass" name="twitter" time="3.772"/>
</testsuite> <!-- Website -->
