<?xml version="1.0" encoding="UTF-8"?>
<!-- Generated by org.testng.reporters.JUnitXMLReporter -->
<testsuite ignored="0" hostname="LAPTOP-BDM6FK70" failures="0" tests="5" name="Default test" time="12.243" errors="0" timestamp="2022-10-12T21:14:57 IST">
  <testcase classname="tests.TestCases" name="TC_1" time="0.005"/>
  <testcase classname="tests.TestCases" name="TC_2" time="0.001"/>
  <testcase classname="tests.TestCases" name="TC_3" time="0.001"/>
  <testcase classname="tests.TestCases" name="TC_4" time="0.001"/>
  <testcase classname="tests.TestCases" name="TC_5" time="0.002"/>
</testsuite> <!-- Default test -->
